<?xml version="1.0" encoding="UTF-8"?>
<robot generator="Robot 3.2.2 (Python 3.7.9 on win32)" generated="20210121 12:04:29.266" rpa="false">
<suite id="s1" name="Verify Valid Credentials" source="C:\robotic_framework\robot_workspace\OpenEmrProject\LoginSuite\verify_valid_credentials.robot">
<test id="s1-t1" name="TC_1">
<kw name="Launch Browser" library="comman_functionality" type="setup">
<kw name="Log To Console" library="BuiltIn">
<doc>Logs the given message to the console.</doc>
<arguments>
<arg>${OUTPUT_DIR}${/}driver</arg>
</arguments>
<status status="PASS" starttime="20210121 12:04:32.807" endtime="20210121 12:04:32.807"></status>
</kw>
<kw name="Append To Environment Variable" library="OperatingSystem">
<doc>Appends given ``values`` to environment variable ``name``.</doc>
<arguments>
<arg>path</arg>
<arg>${OUTPUT_DIR}${/}driver</arg>
</arguments>
<msg timestamp="20210121 12:04:32.808" level="INFO">Environment variable 'path' set to value 'C:\Program Files\Common Files\Oracle\Java\javapath;C:\Program Files (x86)\Common Files\Oracle\Java\javapath;C:\WINDOWS\system32;C:\WINDOWS;C:\WINDOWS\System32\Wbem;C:\WINDOWS\System32\WindowsPowerShell\v1.0\;C:\python;C:\python\Scripts;C:\WINDOWS\System32\OpenSSH\;C:\MinGW\bin;C:\Program Files\Git\cmd;C:\Program Files (x86)\Groovy\bin;C:\Program Files (x86)\Groovy\bin;C:\Users\CTEA\AppData\Local\Programs\Microsoft VS Code\bin;C:\Users\CTEA\AppData\Local\Microsoft\WindowsApps;C:\xampp\mysql\bin;C:\Program Files (x86)\Groovy\bin;C:\Program Files (x86)\Groovy\lib;C:\Program Files\Java\jdk1.8.0_281\bin;C:\Program Files\Java\jre1.8.0_281\bin;C:\Program Files\Java\jdk-15.0.1\bin;;C:\robotic_framework\robot_workspace\OpenEmrProject\driver'.</msg>
<status status="PASS" starttime="20210121 12:04:32.807" endtime="20210121 12:04:32.808"></status>
</kw>
<kw name="Open Browser" library="SeleniumLibrary">
<doc>Opens a new browser instance to the optional ``url``.</doc>
<arguments>
<arg>browser=${BROWSER_NAME}</arg>
</arguments>
<msg timestamp="20210121 12:04:32.808" level="INFO">Opening browser 'chrome' to base url 'None'.</msg>
<status status="PASS" starttime="20210121 12:04:32.808" endtime="20210121 12:04:43.081"></status>
</kw>
<kw name="Maximize Browser Window" library="SeleniumLibrary">
<doc>Maximizes current browser window.</doc>
<status status="PASS" starttime="20210121 12:04:43.081" endtime="20210121 12:04:45.210"></status>
</kw>
<kw name="Set Selenium Implicit Wait" library="SeleniumLibrary">
<doc>Sets the implicit wait value used by Selenium.</doc>
<arguments>
<arg>30s</arg>
</arguments>
<status status="PASS" starttime="20210121 12:04:45.210" endtime="20210121 12:04:45.213"></status>
</kw>
<kw name="Go To" library="SeleniumLibrary">
<doc>Navigates the current browser window to the provided ``url``.</doc>
<arguments>
<arg>url=${URL}</arg>
</arguments>
<msg timestamp="20210121 12:04:45.214" level="INFO">Opening url 'https://demo.openemr.io/b/openemr/interface/login/login.php?site=default'</msg>
<status status="PASS" starttime="20210121 12:04:45.213" endtime="20210121 12:04:59.402"></status>
</kw>
<status status="PASS" starttime="20210121 12:04:32.806" endtime="20210121 12:04:59.403"></status>
</kw>
<kw name="Verify_valid_credentials_template">
<arguments>
<arg>admin</arg>
<arg>pass</arg>
<arg>English (Indian)</arg>
<arg>Flow Board</arg>
</arguments>
<kw name="Enter Username" library="LoginPage">
<doc>Enter username 
Examples
| Enter username | admin |</doc>
<arguments>
<arg>${username}</arg>
</arguments>
<kw name="Input Text" library="SeleniumLibrary">
<doc>Types the given ``text`` into the text field identified by ``locator``.</doc>
<arguments>
<arg>${USERNAME_LOCATOR}</arg>
<arg>${username}</arg>
</arguments>
<msg timestamp="20210121 12:04:59.409" level="INFO">Typing text 'admin' into text field 'id=authUser'.</msg>
<status status="PASS" starttime="20210121 12:04:59.407" endtime="20210121 12:04:59.820"></status>
</kw>
<status status="PASS" starttime="20210121 12:04:59.407" endtime="20210121 12:04:59.820"></status>
</kw>
<kw name="Enter Password" library="LoginPage">
<arguments>
<arg>${password}</arg>
</arguments>
<kw name="Input Password" library="SeleniumLibrary">
<doc>Types the given password into the text field identified by ``locator``.</doc>
<arguments>
<arg>${PASSWORD_LOCATOR}</arg>
<arg>${password}</arg>
</arguments>
<msg timestamp="20210121 12:04:59.821" level="INFO">Typing password into text field 'id=clearPass'.</msg>
<msg timestamp="20210121 12:04:59.933" level="INFO">Temporally setting log level to: NONE</msg>
<msg timestamp="20210121 12:05:00.119" level="INFO">Log level changed from NONE to INFO.</msg>
<status status="PASS" starttime="20210121 12:04:59.821" endtime="20210121 12:05:00.119"></status>
</kw>
<status status="PASS" starttime="20210121 12:04:59.820" endtime="20210121 12:05:00.120"></status>
</kw>
<kw name="Select Language" library="LoginPage">
<arguments>
<arg>${language}</arg>
</arguments>
<kw name="Select From List By Label" library="SeleniumLibrary">
<doc>Selects options from selection list ``locator`` by ``labels``.</doc>
<arguments>
<arg>${LANGUAGE_LOCATOR}</arg>
<arg>${language}</arg>
</arguments>
<msg timestamp="20210121 12:05:00.121" level="INFO">Selecting options from selection list 'name=languageChoice' by label English (Indian).</msg>
<status status="PASS" starttime="20210121 12:05:00.120" endtime="20210121 12:05:00.419"></status>
</kw>
<status status="PASS" starttime="20210121 12:05:00.120" endtime="20210121 12:05:00.419"></status>
</kw>
<kw name="Click login" library="LoginPage">
<kw name="Click Element" library="SeleniumLibrary">
<doc>Click the element identified by ``locator``.</doc>
<arguments>
<arg>${LOGIN_LOCATOR}</arg>
</arguments>
<msg timestamp="20210121 12:05:00.420" level="INFO">Clicking element 'xpath=//button[@type='submit']'.</msg>
<status status="PASS" starttime="20210121 12:05:00.420" endtime="20210121 12:05:16.316"></status>
</kw>
<status status="PASS" starttime="20210121 12:05:00.419" endtime="20210121 12:05:16.316"></status>
</kw>
<kw name="Dashboard Page Should Contain" library="DashboardPage">
<arguments>
<arg>${Expected_value}</arg>
</arguments>
<kw name="Page Should Contain" library="SeleniumLibrary">
<doc>Verifies that current page contains ``text``.</doc>
<arguments>
<arg>${pagetext}</arg>
</arguments>
<msg timestamp="20210121 12:05:16.364" level="INFO">Current page contains text 'Flow Board'.</msg>
<status status="PASS" starttime="20210121 12:05:16.317" endtime="20210121 12:05:16.364"></status>
</kw>
<status status="PASS" starttime="20210121 12:05:16.316" endtime="20210121 12:05:16.364"></status>
</kw>
<kw name="MouseOver On Name" library="DashboardPage">
<kw name="Mouse Over" library="SeleniumLibrary">
<doc>Simulates hovering the mouse over the element ``locator``.</doc>
<arguments>
<arg>${Name_LOCATOR}</arg>
</arguments>
<msg timestamp="20210121 12:05:16.365" level="INFO">Simulating Mouse Over on element 'xpath=//span[@data-bind="text:lname"]'.</msg>
<status status="PASS" starttime="20210121 12:05:16.365" endtime="20210121 12:05:16.657"></status>
</kw>
<status status="PASS" starttime="20210121 12:05:16.364" endtime="20210121 12:05:16.657"></status>
</kw>
<kw name="Click Logout" library="DashboardPage">
<kw name="Click Element" library="SeleniumLibrary">
<doc>Click the element identified by ``locator``.</doc>
<arguments>
<arg>${LOGOUT_LOCATOR}</arg>
</arguments>
<msg timestamp="20210121 12:05:16.658" level="INFO">Clicking element 'xpath=//li[text()='Logout']'.</msg>
<status status="PASS" starttime="20210121 12:05:16.658" endtime="20210121 12:05:16.766"></status>
</kw>
<status status="PASS" starttime="20210121 12:05:16.657" endtime="20210121 12:05:16.766"></status>
</kw>
<status status="PASS" starttime="20210121 12:04:59.404" endtime="20210121 12:05:16.766"></status>
</kw>
<kw name="End Browser" library="comman_functionality" type="teardown">
<kw name="Close Browser" library="SeleniumLibrary">
<doc>Closes the current browser.</doc>
<status status="PASS" starttime="20210121 12:05:16.768" endtime="20210121 12:05:20.100"></status>
</kw>
<status status="PASS" starttime="20210121 12:05:16.767" endtime="20210121 12:05:20.101"></status>
</kw>
<status status="PASS" starttime="20210121 12:04:32.805" endtime="20210121 12:05:20.101" critical="yes"></status>
</test>
<test id="s1-t2" name="TC_2">
<kw name="Launch Browser" library="comman_functionality" type="setup">
<kw name="Log To Console" library="BuiltIn">
<doc>Logs the given message to the console.</doc>
<arguments>
<arg>${OUTPUT_DIR}${/}driver</arg>
</arguments>
<status status="PASS" starttime="20210121 12:05:20.103" endtime="20210121 12:05:20.104"></status>
</kw>
<kw name="Append To Environment Variable" library="OperatingSystem">
<doc>Appends given ``values`` to environment variable ``name``.</doc>
<arguments>
<arg>path</arg>
<arg>${OUTPUT_DIR}${/}driver</arg>
</arguments>
<msg timestamp="20210121 12:05:20.104" level="INFO">Environment variable 'path' set to value 'C:\Program Files\Common Files\Oracle\Java\javapath;C:\Program Files (x86)\Common Files\Oracle\Java\javapath;C:\WINDOWS\system32;C:\WINDOWS;C:\WINDOWS\System32\Wbem;C:\WINDOWS\System32\WindowsPowerShell\v1.0\;C:\python;C:\python\Scripts;C:\WINDOWS\System32\OpenSSH\;C:\MinGW\bin;C:\Program Files\Git\cmd;C:\Program Files (x86)\Groovy\bin;C:\Program Files (x86)\Groovy\bin;C:\Users\CTEA\AppData\Local\Programs\Microsoft VS Code\bin;C:\Users\CTEA\AppData\Local\Microsoft\WindowsApps;C:\xampp\mysql\bin;C:\Program Files (x86)\Groovy\bin;C:\Program Files (x86)\Groovy\lib;C:\Program Files\Java\jdk1.8.0_281\bin;C:\Program Files\Java\jre1.8.0_281\bin;C:\Program Files\Java\jdk-15.0.1\bin;;C:\robotic_framework\robot_workspace\OpenEmrProject\driver;C:\robotic_framework\robot_workspace\OpenEmrProject\driver'.</msg>
<status status="PASS" starttime="20210121 12:05:20.104" endtime="20210121 12:05:20.104"></status>
</kw>
<kw name="Open Browser" library="SeleniumLibrary">
<doc>Opens a new browser instance to the optional ``url``.</doc>
<arguments>
<arg>browser=${BROWSER_NAME}</arg>
</arguments>
<msg timestamp="20210121 12:05:20.105" level="INFO">Opening browser 'chrome' to base url 'None'.</msg>
<status status="PASS" starttime="20210121 12:05:20.104" endtime="20210121 12:05:24.122"></status>
</kw>
<kw name="Maximize Browser Window" library="SeleniumLibrary">
<doc>Maximizes current browser window.</doc>
<status status="PASS" starttime="20210121 12:05:24.122" endtime="20210121 12:05:26.249"></status>
</kw>
<kw name="Set Selenium Implicit Wait" library="SeleniumLibrary">
<doc>Sets the implicit wait value used by Selenium.</doc>
<arguments>
<arg>30s</arg>
</arguments>
<status status="PASS" starttime="20210121 12:05:26.249" endtime="20210121 12:05:26.251"></status>
</kw>
<kw name="Go To" library="SeleniumLibrary">
<doc>Navigates the current browser window to the provided ``url``.</doc>
<arguments>
<arg>url=${URL}</arg>
</arguments>
<msg timestamp="20210121 12:05:26.252" level="INFO">Opening url 'https://demo.openemr.io/b/openemr/interface/login/login.php?site=default'</msg>
<status status="PASS" starttime="20210121 12:05:26.252" endtime="20210121 12:05:43.757"></status>
</kw>
<status status="PASS" starttime="20210121 12:05:20.103" endtime="20210121 12:05:43.757"></status>
</kw>
<kw name="Verify_valid_credentials_template">
<arguments>
<arg>physician</arg>
<arg>physician</arg>
<arg>English (Indian)</arg>
<arg>Flow Board</arg>
</arguments>
<kw name="Enter Username" library="LoginPage">
<doc>Enter username 
Examples
| Enter username | admin |</doc>
<arguments>
<arg>${username}</arg>
</arguments>
<kw name="Input Text" library="SeleniumLibrary">
<doc>Types the given ``text`` into the text field identified by ``locator``.</doc>
<arguments>
<arg>${USERNAME_LOCATOR}</arg>
<arg>${username}</arg>
</arguments>
<msg timestamp="20210121 12:05:43.760" level="INFO">Typing text 'physician' into text field 'id=authUser'.</msg>
<status status="PASS" starttime="20210121 12:05:43.759" endtime="20210121 12:05:43.979"></status>
</kw>
<status status="PASS" starttime="20210121 12:05:43.759" endtime="20210121 12:05:43.979"></status>
</kw>
<kw name="Enter Password" library="LoginPage">
<arguments>
<arg>${password}</arg>
</arguments>
<kw name="Input Password" library="SeleniumLibrary">
<doc>Types the given password into the text field identified by ``locator``.</doc>
<arguments>
<arg>${PASSWORD_LOCATOR}</arg>
<arg>${password}</arg>
</arguments>
<msg timestamp="20210121 12:05:43.983" level="INFO">Typing password into text field 'id=clearPass'.</msg>
<msg timestamp="20210121 12:05:44.076" level="INFO">Temporally setting log level to: NONE</msg>
<msg timestamp="20210121 12:05:44.249" level="INFO">Log level changed from NONE to INFO.</msg>
<status status="PASS" starttime="20210121 12:05:43.982" endtime="20210121 12:05:44.250"></status>
</kw>
<status status="PASS" starttime="20210121 12:05:43.979" endtime="20210121 12:05:44.250"></status>
</kw>
<kw name="Select Language" library="LoginPage">
<arguments>
<arg>${language}</arg>
</arguments>
<kw name="Select From List By Label" library="SeleniumLibrary">
<doc>Selects options from selection list ``locator`` by ``labels``.</doc>
<arguments>
<arg>${LANGUAGE_LOCATOR}</arg>
<arg>${language}</arg>
</arguments>
<msg timestamp="20210121 12:05:44.252" level="INFO">Selecting options from selection list 'name=languageChoice' by label English (Indian).</msg>
<status status="PASS" starttime="20210121 12:05:44.251" endtime="20210121 12:05:44.429"></status>
</kw>
<status status="PASS" starttime="20210121 12:05:44.250" endtime="20210121 12:05:44.429"></status>
</kw>
<kw name="Click login" library="LoginPage">
<kw name="Click Element" library="SeleniumLibrary">
<doc>Click the element identified by ``locator``.</doc>
<arguments>
<arg>${LOGIN_LOCATOR}</arg>
</arguments>
<msg timestamp="20210121 12:05:44.433" level="INFO">Clicking element 'xpath=//button[@type='submit']'.</msg>
<status status="PASS" starttime="20210121 12:05:44.433" endtime="20210121 12:05:52.987"></status>
</kw>
<status status="PASS" starttime="20210121 12:05:44.429" endtime="20210121 12:05:52.987"></status>
</kw>
<kw name="Dashboard Page Should Contain" library="DashboardPage">
<arguments>
<arg>${Expected_value}</arg>
</arguments>
<kw name="Page Should Contain" library="SeleniumLibrary">
<doc>Verifies that current page contains ``text``.</doc>
<arguments>
<arg>${pagetext}</arg>
</arguments>
<msg timestamp="20210121 12:05:53.049" level="INFO">Current page contains text 'Flow Board'.</msg>
<status status="PASS" starttime="20210121 12:05:52.991" endtime="20210121 12:05:53.049"></status>
</kw>
<status status="PASS" starttime="20210121 12:05:52.988" endtime="20210121 12:05:53.049"></status>
</kw>
<kw name="MouseOver On Name" library="DashboardPage">
<kw name="Mouse Over" library="SeleniumLibrary">
<doc>Simulates hovering the mouse over the element ``locator``.</doc>
<arguments>
<arg>${Name_LOCATOR}</arg>
</arguments>
<msg timestamp="20210121 12:05:53.050" level="INFO">Simulating Mouse Over on element 'xpath=//span[@data-bind="text:lname"]'.</msg>
<status status="PASS" starttime="20210121 12:05:53.050" endtime="20210121 12:05:53.368"></status>
</kw>
<status status="PASS" starttime="20210121 12:05:53.049" endtime="20210121 12:05:53.368"></status>
</kw>
<kw name="Click Logout" library="DashboardPage">
<kw name="Click Element" library="SeleniumLibrary">
<doc>Click the element identified by ``locator``.</doc>
<arguments>
<arg>${LOGOUT_LOCATOR}</arg>
</arguments>
<msg timestamp="20210121 12:05:53.369" level="INFO">Clicking element 'xpath=//li[text()='Logout']'.</msg>
<status status="PASS" starttime="20210121 12:05:53.369" endtime="20210121 12:05:53.475"></status>
</kw>
<status status="PASS" starttime="20210121 12:05:53.368" endtime="20210121 12:05:53.475"></status>
</kw>
<status status="PASS" starttime="20210121 12:05:43.758" endtime="20210121 12:05:53.475"></status>
</kw>
<kw name="End Browser" library="comman_functionality" type="teardown">
<kw name="Close Browser" library="SeleniumLibrary">
<doc>Closes the current browser.</doc>
<status status="PASS" starttime="20210121 12:05:53.479" endtime="20210121 12:05:56.798"></status>
</kw>
<status status="PASS" starttime="20210121 12:05:53.479" endtime="20210121 12:05:56.799"></status>
</kw>
<status status="PASS" starttime="20210121 12:05:20.102" endtime="20210121 12:05:56.799" critical="yes"></status>
</test>
<test id="s1-t3" name="TC_3">
<kw name="Launch Browser" library="comman_functionality" type="setup">
<kw name="Log To Console" library="BuiltIn">
<doc>Logs the given message to the console.</doc>
<arguments>
<arg>${OUTPUT_DIR}${/}driver</arg>
</arguments>
<status status="PASS" starttime="20210121 12:05:56.801" endtime="20210121 12:05:56.802"></status>
</kw>
<kw name="Append To Environment Variable" library="OperatingSystem">
<doc>Appends given ``values`` to environment variable ``name``.</doc>
<arguments>
<arg>path</arg>
<arg>${OUTPUT_DIR}${/}driver</arg>
</arguments>
<msg timestamp="20210121 12:05:56.802" level="INFO">Environment variable 'path' set to value 'C:\Program Files\Common Files\Oracle\Java\javapath;C:\Program Files (x86)\Common Files\Oracle\Java\javapath;C:\WINDOWS\system32;C:\WINDOWS;C:\WINDOWS\System32\Wbem;C:\WINDOWS\System32\WindowsPowerShell\v1.0\;C:\python;C:\python\Scripts;C:\WINDOWS\System32\OpenSSH\;C:\MinGW\bin;C:\Program Files\Git\cmd;C:\Program Files (x86)\Groovy\bin;C:\Program Files (x86)\Groovy\bin;C:\Users\CTEA\AppData\Local\Programs\Microsoft VS Code\bin;C:\Users\CTEA\AppData\Local\Microsoft\WindowsApps;C:\xampp\mysql\bin;C:\Program Files (x86)\Groovy\bin;C:\Program Files (x86)\Groovy\lib;C:\Program Files\Java\jdk1.8.0_281\bin;C:\Program Files\Java\jre1.8.0_281\bin;C:\Program Files\Java\jdk-15.0.1\bin;;C:\robotic_framework\robot_workspace\OpenEmrProject\driver;C:\robotic_framework\robot_workspace\OpenEmrProject\driver;C:\robotic_framework\robot_workspace\OpenEmrProject\driver'.</msg>
<status status="PASS" starttime="20210121 12:05:56.802" endtime="20210121 12:05:56.802"></status>
</kw>
<kw name="Open Browser" library="SeleniumLibrary">
<doc>Opens a new browser instance to the optional ``url``.</doc>
<arguments>
<arg>browser=${BROWSER_NAME}</arg>
</arguments>
<msg timestamp="20210121 12:05:56.803" level="INFO">Opening browser 'chrome' to base url 'None'.</msg>
<status status="PASS" starttime="20210121 12:05:56.803" endtime="20210121 12:06:00.573"></status>
</kw>
<kw name="Maximize Browser Window" library="SeleniumLibrary">
<doc>Maximizes current browser window.</doc>
<status status="PASS" starttime="20210121 12:06:00.573" endtime="20210121 12:06:02.699"></status>
</kw>
<kw name="Set Selenium Implicit Wait" library="SeleniumLibrary">
<doc>Sets the implicit wait value used by Selenium.</doc>
<arguments>
<arg>30s</arg>
</arguments>
<status status="PASS" starttime="20210121 12:06:02.699" endtime="20210121 12:06:02.701"></status>
</kw>
<kw name="Go To" library="SeleniumLibrary">
<doc>Navigates the current browser window to the provided ``url``.</doc>
<arguments>
<arg>url=${URL}</arg>
</arguments>
<msg timestamp="20210121 12:06:02.702" level="INFO">Opening url 'https://demo.openemr.io/b/openemr/interface/login/login.php?site=default'</msg>
<status status="PASS" starttime="20210121 12:06:02.702" endtime="20210121 12:06:22.658"></status>
</kw>
<status status="PASS" starttime="20210121 12:05:56.801" endtime="20210121 12:06:22.659"></status>
</kw>
<kw name="Verify_valid_credentials_template">
<arguments>
<arg>accountant</arg>
<arg>accountant</arg>
<arg>English (Indian)</arg>
<arg>Flow Board</arg>
</arguments>
<kw name="Enter Username" library="LoginPage">
<doc>Enter username 
Examples
| Enter username | admin |</doc>
<arguments>
<arg>${username}</arg>
</arguments>
<kw name="Input Text" library="SeleniumLibrary">
<doc>Types the given ``text`` into the text field identified by ``locator``.</doc>
<arguments>
<arg>${USERNAME_LOCATOR}</arg>
<arg>${username}</arg>
</arguments>
<msg timestamp="20210121 12:06:22.663" level="INFO">Typing text 'accountant' into text field 'id=authUser'.</msg>
<status status="PASS" starttime="20210121 12:06:22.663" endtime="20210121 12:06:22.808"></status>
</kw>
<status status="PASS" starttime="20210121 12:06:22.662" endtime="20210121 12:06:22.808"></status>
</kw>
<kw name="Enter Password" library="LoginPage">
<arguments>
<arg>${password}</arg>
</arguments>
<kw name="Input Password" library="SeleniumLibrary">
<doc>Types the given password into the text field identified by ``locator``.</doc>
<arguments>
<arg>${PASSWORD_LOCATOR}</arg>
<arg>${password}</arg>
</arguments>
<msg timestamp="20210121 12:06:22.810" level="INFO">Typing password into text field 'id=clearPass'.</msg>
<msg timestamp="20210121 12:06:22.865" level="INFO">Temporally setting log level to: NONE</msg>
<msg timestamp="20210121 12:06:22.949" level="INFO">Log level changed from NONE to INFO.</msg>
<status status="PASS" starttime="20210121 12:06:22.809" endtime="20210121 12:06:22.950"></status>
</kw>
<status status="PASS" starttime="20210121 12:06:22.809" endtime="20210121 12:06:22.950"></status>
</kw>
<kw name="Select Language" library="LoginPage">
<arguments>
<arg>${language}</arg>
</arguments>
<kw name="Select From List By Label" library="SeleniumLibrary">
<doc>Selects options from selection list ``locator`` by ``labels``.</doc>
<arguments>
<arg>${LANGUAGE_LOCATOR}</arg>
<arg>${language}</arg>
</arguments>
<msg timestamp="20210121 12:06:22.953" level="INFO">Selecting options from selection list 'name=languageChoice' by label English (Indian).</msg>
<status status="PASS" starttime="20210121 12:06:22.952" endtime="20210121 12:06:23.077"></status>
</kw>
<status status="PASS" starttime="20210121 12:06:22.951" endtime="20210121 12:06:23.078"></status>
</kw>
<kw name="Click login" library="LoginPage">
<kw name="Click Element" library="SeleniumLibrary">
<doc>Click the element identified by ``locator``.</doc>
<arguments>
<arg>${LOGIN_LOCATOR}</arg>
</arguments>
<msg timestamp="20210121 12:06:23.080" level="INFO">Clicking element 'xpath=//button[@type='submit']'.</msg>
<status status="PASS" starttime="20210121 12:06:23.079" endtime="20210121 12:06:31.064"></status>
</kw>
<status status="PASS" starttime="20210121 12:06:23.078" endtime="20210121 12:06:31.064"></status>
</kw>
<kw name="Dashboard Page Should Contain" library="DashboardPage">
<arguments>
<arg>${Expected_value}</arg>
</arguments>
<kw name="Page Should Contain" library="SeleniumLibrary">
<doc>Verifies that current page contains ``text``.</doc>
<arguments>
<arg>${pagetext}</arg>
</arguments>
<msg timestamp="20210121 12:06:31.094" level="INFO">Current page contains text 'Flow Board'.</msg>
<status status="PASS" starttime="20210121 12:06:31.065" endtime="20210121 12:06:31.094"></status>
</kw>
<status status="PASS" starttime="20210121 12:06:31.065" endtime="20210121 12:06:31.094"></status>
</kw>
<kw name="MouseOver On Name" library="DashboardPage">
<kw name="Mouse Over" library="SeleniumLibrary">
<doc>Simulates hovering the mouse over the element ``locator``.</doc>
<arguments>
<arg>${Name_LOCATOR}</arg>
</arguments>
<msg timestamp="20210121 12:06:31.095" level="INFO">Simulating Mouse Over on element 'xpath=//span[@data-bind="text:lname"]'.</msg>
<status status="PASS" starttime="20210121 12:06:31.095" endtime="20210121 12:06:31.376"></status>
</kw>
<status status="PASS" starttime="20210121 12:06:31.094" endtime="20210121 12:06:31.377"></status>
</kw>
<kw name="Click Logout" library="DashboardPage">
<kw name="Click Element" library="SeleniumLibrary">
<doc>Click the element identified by ``locator``.</doc>
<arguments>
<arg>${LOGOUT_LOCATOR}</arg>
</arguments>
<msg timestamp="20210121 12:06:31.378" level="INFO">Clicking element 'xpath=//li[text()='Logout']'.</msg>
<status status="PASS" starttime="20210121 12:06:31.377" endtime="20210121 12:06:31.448"></status>
</kw>
<status status="PASS" starttime="20210121 12:06:31.377" endtime="20210121 12:06:31.449"></status>
</kw>
<status status="PASS" starttime="20210121 12:06:22.660" endtime="20210121 12:06:31.449"></status>
</kw>
<kw name="End Browser" library="comman_functionality" type="teardown">
<kw name="Close Browser" library="SeleniumLibrary">
<doc>Closes the current browser.</doc>
<status status="PASS" starttime="20210121 12:06:31.450" endtime="20210121 12:06:35.016"></status>
</kw>
<status status="PASS" starttime="20210121 12:06:31.450" endtime="20210121 12:06:35.016"></status>
</kw>
<status status="PASS" starttime="20210121 12:05:56.800" endtime="20210121 12:06:35.017" critical="yes"></status>
</test>
<status status="PASS" starttime="20210121 12:04:29.269" endtime="20210121 12:06:35.019"></status>
</suite>
<statistics>
<total>
<stat pass="3" fail="0">Critical Tests</stat>
<stat pass="3" fail="0">All Tests</stat>
</total>
<tag>
</tag>
<suite>
<stat pass="3" fail="0" id="s1" name="Verify Valid Credentials">Verify Valid Credentials</stat>
</suite>
</statistics>
<errors>
</errors>
</robot>
